{"/Users/princeparker/Desktop/webpacktodolist/src/class.js": {"path":"/Users/princeparker/Desktop/webpacktodolist/src/class.js","statementMap":{"0":{"start":{"line":3,"column":4},"end":{"line":5,"column":11}},"1":{"start":{"line":9,"column":4},"end":{"line":9,"column":38}},"2":{"start":{"line":10,"column":4},"end":{"line":10,"column":27}},"3":{"start":{"line":11,"column":4},"end":{"line":11,"column":25}},"4":{"start":{"line":12,"column":4},"end":{"line":12,"column":61}},"5":{"start":{"line":16,"column":4},"end":{"line":16,"column":65}},"6":{"start":{"line":16,"column":43},"end":{"line":16,"column":63}},"7":{"start":{"line":17,"column":4},"end":{"line":22,"column":7}},"8":{"start":{"line":18,"column":6},"end":{"line":20,"column":7}},"9":{"start":{"line":19,"column":8},"end":{"line":19,"column":21}},"10":{"start":{"line":21,"column":6},"end":{"line":21,"column":15}},"11":{"start":{"line":23,"column":4},"end":{"line":23,"column":61}},"12":{"start":{"line":27,"column":4},"end":{"line":27,"column":37}},"13":{"start":{"line":28,"column":4},"end":{"line":28,"column":61}},"14":{"start":{"line":32,"column":4},"end":{"line":32,"column":45}},"15":{"start":{"line":33,"column":4},"end":{"line":33,"column":61}},"16":{"start":{"line":37,"column":4},"end":{"line":37,"column":60}},"17":{"start":{"line":37,"column":41},"end":{"line":37,"column":58}},"18":{"start":{"line":38,"column":4},"end":{"line":38,"column":54}},"19":{"start":{"line":38,"column":40},"end":{"line":38,"column":52}},"20":{"start":{"line":39,"column":4},"end":{"line":42,"column":7}},"21":{"start":{"line":40,"column":6},"end":{"line":40,"column":22}},"22":{"start":{"line":41,"column":6},"end":{"line":41,"column":15}},"23":{"start":{"line":43,"column":4},"end":{"line":43,"column":61}},"24":{"start":{"line":47,"column":0},"end":{"line":47,"column":23}}},"fnMap":{"0":{"name":"(anonymous_0)","decl":{"start":{"line":2,"column":2},"end":{"line":2,"column":3}},"loc":{"start":{"line":2,"column":16},"end":{"line":6,"column":3}},"line":2},"1":{"name":"(anonymous_1)","decl":{"start":{"line":8,"column":2},"end":{"line":8,"column":3}},"loc":{"start":{"line":8,"column":12},"end":{"line":13,"column":3}},"line":8},"2":{"name":"(anonymous_2)","decl":{"start":{"line":15,"column":2},"end":{"line":15,"column":3}},"loc":{"start":{"line":15,"column":16},"end":{"line":24,"column":3}},"line":15},"3":{"name":"(anonymous_3)","decl":{"start":{"line":16,"column":33},"end":{"line":16,"column":34}},"loc":{"start":{"line":16,"column":43},"end":{"line":16,"column":63}},"line":16},"4":{"name":"(anonymous_4)","decl":{"start":{"line":17,"column":30},"end":{"line":17,"column":31}},"loc":{"start":{"line":17,"column":37},"end":{"line":22,"column":5}},"line":17},"5":{"name":"(anonymous_5)","decl":{"start":{"line":26,"column":2},"end":{"line":26,"column":3}},"loc":{"start":{"line":26,"column":13},"end":{"line":29,"column":3}},"line":26},"6":{"name":"(anonymous_6)","decl":{"start":{"line":31,"column":2},"end":{"line":31,"column":3}},"loc":{"start":{"line":31,"column":27},"end":{"line":34,"column":3}},"line":31},"7":{"name":"(anonymous_7)","decl":{"start":{"line":36,"column":2},"end":{"line":36,"column":3}},"loc":{"start":{"line":36,"column":19},"end":{"line":44,"column":3}},"line":36},"8":{"name":"(anonymous_8)","decl":{"start":{"line":37,"column":31},"end":{"line":37,"column":32}},"loc":{"start":{"line":37,"column":41},"end":{"line":37,"column":58}},"line":37},"9":{"name":"(anonymous_9)","decl":{"start":{"line":38,"column":33},"end":{"line":38,"column":34}},"loc":{"start":{"line":38,"column":40},"end":{"line":38,"column":52}},"line":38},"10":{"name":"(anonymous_10)","decl":{"start":{"line":39,"column":30},"end":{"line":39,"column":31}},"loc":{"start":{"line":39,"column":40},"end":{"line":42,"column":5}},"line":39}},"branchMap":{"0":{"loc":{"start":{"line":3,"column":16},"end":{"line":5,"column":10}},"type":"cond-expr","locations":[{"start":{"line":4,"column":8},"end":{"line":4,"column":49}},{"start":{"line":5,"column":8},"end":{"line":5,"column":10}}],"line":3},"1":{"loc":{"start":{"line":18,"column":6},"end":{"line":20,"column":7}},"type":"if","locations":[{"start":{"line":18,"column":6},"end":{"line":20,"column":7}},{"start":{},"end":{}}],"line":18}},"s":{"0":5,"1":4,"2":4,"3":4,"4":4,"5":2,"6":3,"7":2,"8":1,"9":1,"10":1,"11":2,"12":4,"13":4,"14":0,"15":0,"16":1,"17":0,"18":1,"19":1,"20":1,"21":0,"22":0,"23":1,"24":1},"f":{"0":5,"1":4,"2":2,"3":3,"4":1,"5":4,"6":0,"7":1,"8":0,"9":1,"10":0},"b":{"0":[2,3],"1":[1,0]},"_coverageSchema":"1a1c01bbd47fc00a2c39e90264f33305004495a9","hash":"cd8dd44b4a45bb89850da96b19f8a3cd82545118"}
,"/Users/princeparker/Desktop/webpacktodolist/src/update.js": {"path":"/Users/princeparker/Desktop/webpacktodolist/src/update.js","statementMap":{"0":{"start":{"line":1,"column":19},"end":{"line":84,"column":1}},"1":{"start":{"line":2,"column":21},"end":{"line":2,"column":52}},"2":{"start":{"line":3,"column":2},"end":{"line":3,"column":28}},"3":{"start":{"line":5,"column":2},"end":{"line":24,"column":7}},"4":{"start":{"line":6,"column":20},"end":{"line":6,"column":37}},"5":{"start":{"line":8,"column":6},"end":{"line":23,"column":10}},"6":{"start":{"line":26,"column":14},"end":{"line":26,"column":45}},"7":{"start":{"line":27,"column":2},"end":{"line":42,"column":5}},"8":{"start":{"line":28,"column":4},"end":{"line":41,"column":7}},"9":{"start":{"line":29,"column":18},"end":{"line":29,"column":26}},"10":{"start":{"line":30,"column":6},"end":{"line":32,"column":7}},"11":{"start":{"line":31,"column":8},"end":{"line":31,"column":15}},"12":{"start":{"line":34,"column":6},"end":{"line":34,"column":59}},"13":{"start":{"line":34,"column":27},"end":{"line":34,"column":57}},"14":{"start":{"line":35,"column":6},"end":{"line":35,"column":33}},"15":{"start":{"line":37,"column":18},"end":{"line":37,"column":44}},"16":{"start":{"line":38,"column":6},"end":{"line":38,"column":27}},"17":{"start":{"line":39,"column":6},"end":{"line":39,"column":18}},"18":{"start":{"line":40,"column":6},"end":{"line":40,"column":64}},"19":{"start":{"line":44,"column":2},"end":{"line":61,"column":5}},"20":{"start":{"line":45,"column":4},"end":{"line":51,"column":7}},"21":{"start":{"line":46,"column":6},"end":{"line":50,"column":14}},"22":{"start":{"line":47,"column":8},"end":{"line":47,"column":61}},"23":{"start":{"line":49,"column":8},"end":{"line":49,"column":28}},"24":{"start":{"line":52,"column":4},"end":{"line":60,"column":7}},"25":{"start":{"line":53,"column":17},"end":{"line":53,"column":67}},"26":{"start":{"line":55,"column":18},"end":{"line":55,"column":56}},"27":{"start":{"line":55,"column":41},"end":{"line":55,"column":55}},"28":{"start":{"line":57,"column":6},"end":{"line":57,"column":41}},"29":{"start":{"line":59,"column":6},"end":{"line":59,"column":22}},"30":{"start":{"line":63,"column":2},"end":{"line":73,"column":5}},"31":{"start":{"line":64,"column":4},"end":{"line":72,"column":7}},"32":{"start":{"line":65,"column":17},"end":{"line":65,"column":67}},"33":{"start":{"line":67,"column":18},"end":{"line":67,"column":56}},"34":{"start":{"line":67,"column":41},"end":{"line":67,"column":55}},"35":{"start":{"line":69,"column":6},"end":{"line":69,"column":34}},"36":{"start":{"line":71,"column":6},"end":{"line":71,"column":22}},"37":{"start":{"line":75,"column":2},"end":{"line":83,"column":5}},"38":{"start":{"line":76,"column":4},"end":{"line":82,"column":7}},"39":{"start":{"line":77,"column":17},"end":{"line":77,"column":70}},"40":{"start":{"line":79,"column":6},"end":{"line":79,"column":23}},"41":{"start":{"line":81,"column":6},"end":{"line":81,"column":44}},"42":{"start":{"line":86,"column":0},"end":{"line":86,"column":28}}},"fnMap":{"0":{"name":"(anonymous_0)","decl":{"start":{"line":1,"column":19},"end":{"line":1,"column":20}},"loc":{"start":{"line":1,"column":30},"end":{"line":84,"column":1}},"line":1},"1":{"name":"(anonymous_1)","decl":{"start":{"line":6,"column":10},"end":{"line":6,"column":11}},"loc":{"start":{"line":6,"column":20},"end":{"line":6,"column":37}},"line":6},"2":{"name":"(anonymous_2)","decl":{"start":{"line":7,"column":13},"end":{"line":7,"column":14}},"loc":{"start":{"line":7,"column":20},"end":{"line":24,"column":5}},"line":7},"3":{"name":"(anonymous_3)","decl":{"start":{"line":27,"column":14},"end":{"line":27,"column":15}},"loc":{"start":{"line":27,"column":22},"end":{"line":42,"column":3}},"line":27},"4":{"name":"(anonymous_4)","decl":{"start":{"line":28,"column":33},"end":{"line":28,"column":34}},"loc":{"start":{"line":28,"column":40},"end":{"line":41,"column":5}},"line":28},"5":{"name":"(anonymous_5)","decl":{"start":{"line":34,"column":18},"end":{"line":34,"column":19}},"loc":{"start":{"line":34,"column":27},"end":{"line":34,"column":57}},"line":34},"6":{"name":"(anonymous_6)","decl":{"start":{"line":44,"column":49},"end":{"line":44,"column":50}},"loc":{"start":{"line":44,"column":58},"end":{"line":61,"column":3}},"line":44},"7":{"name":"(anonymous_7)","decl":{"start":{"line":45,"column":37},"end":{"line":45,"column":38}},"loc":{"start":{"line":45,"column":43},"end":{"line":51,"column":5}},"line":45},"8":{"name":"(anonymous_8)","decl":{"start":{"line":46,"column":17},"end":{"line":46,"column":18}},"loc":{"start":{"line":46,"column":23},"end":{"line":50,"column":7}},"line":46},"9":{"name":"(anonymous_9)","decl":{"start":{"line":52,"column":34},"end":{"line":52,"column":35}},"loc":{"start":{"line":52,"column":40},"end":{"line":60,"column":5}},"line":52},"10":{"name":"(anonymous_10)","decl":{"start":{"line":55,"column":34},"end":{"line":55,"column":35}},"loc":{"start":{"line":55,"column":41},"end":{"line":55,"column":55}},"line":55},"11":{"name":"(anonymous_11)","decl":{"start":{"line":63,"column":49},"end":{"line":63,"column":50}},"loc":{"start":{"line":63,"column":58},"end":{"line":73,"column":3}},"line":63},"12":{"name":"(anonymous_12)","decl":{"start":{"line":64,"column":35},"end":{"line":64,"column":36}},"loc":{"start":{"line":64,"column":41},"end":{"line":72,"column":5}},"line":64},"13":{"name":"(anonymous_13)","decl":{"start":{"line":67,"column":34},"end":{"line":67,"column":35}},"loc":{"start":{"line":67,"column":41},"end":{"line":67,"column":55}},"line":67},"14":{"name":"(anonymous_14)","decl":{"start":{"line":75,"column":45},"end":{"line":75,"column":46}},"loc":{"start":{"line":75,"column":57},"end":{"line":83,"column":3}},"line":75},"15":{"name":"(anonymous_15)","decl":{"start":{"line":76,"column":37},"end":{"line":76,"column":38}},"loc":{"start":{"line":76,"column":43},"end":{"line":82,"column":5}},"line":76}},"branchMap":{"0":{"loc":{"start":{"line":12,"column":14},"end":{"line":12,"column":42}},"type":"cond-expr","locations":[{"start":{"line":12,"column":28},"end":{"line":12,"column":37}},{"start":{"line":12,"column":40},"end":{"line":12,"column":42}}],"line":12},"1":{"loc":{"start":{"line":30,"column":6},"end":{"line":32,"column":7}},"type":"if","locations":[{"start":{"line":30,"column":6},"end":{"line":32,"column":7}},{"start":{},"end":{}}],"line":30},"2":{"loc":{"start":{"line":30,"column":10},"end":{"line":30,"column":75}},"type":"binary-expr","locations":[{"start":{"line":30,"column":10},"end":{"line":30,"column":40}},{"start":{"line":30,"column":44},"end":{"line":30,"column":75}}],"line":30}},"s":{"0":1,"1":1,"2":1,"3":1,"4":0,"5":1,"6":1,"7":1,"8":1,"9":2,"10":2,"11":1,"12":1,"13":1,"14":1,"15":1,"16":1,"17":1,"18":1,"19":1,"20":1,"21":0,"22":0,"23":0,"24":1,"25":0,"26":0,"27":0,"28":0,"29":0,"30":1,"31":1,"32":1,"33":1,"34":1,"35":1,"36":1,"37":1,"38":1,"39":1,"40":1,"41":1,"42":1},"f":{"0":1,"1":0,"2":1,"3":1,"4":2,"5":1,"6":1,"7":0,"8":0,"9":0,"10":0,"11":1,"12":1,"13":1,"14":1,"15":1},"b":{"0":[0,1],"1":[1,1],"2":[2,2]},"_coverageSchema":"1a1c01bbd47fc00a2c39e90264f33305004495a9","hash":"f8f4db3bb3ec90b44d6143bb749d3c76278706c6"}
}
